2024-09-17 22:27:39,078 - INFO - Listening for macro. Press 'Ctrl + Shift + Alt + S' to take a screenshot.
2024-09-17 22:27:50,039 - INFO - Macro activated. Click and drag to capture a screenshot.
2024-09-17 22:27:53,006 - INFO - Screenshot saved to C:\Users\user\OneDrive\Documents\Python\Flask Apps\image-to-text\assets\screenshot.png
2024-09-17 22:27:53,006 - ERROR - Error capturing screenshot: 'WindowsPath' object has no attribute 'split'
2024-09-17 22:31:01,751 - INFO - Listening for macro. Press 'Ctrl + Shift + Alt + S' to take a screenshot.
2024-09-17 22:31:03,804 - INFO - Macro activated. Click and drag to capture a screenshot.
2024-09-17 22:31:06,275 - INFO - Screenshot saved to C:\Users\user\OneDrive\Documents\Python\Flask Apps\image-to-text\assets\screenshot.png
2024-09-17 22:31:06,276 - ERROR - Error capturing screenshot: 'WindowsPath' object has no attribute 'split'
2024-09-17 22:37:51,166 - INFO - Listening for macro. Press 'Ctrl + Shift + Alt + S' to take a screenshot.
2024-09-17 22:37:55,110 - INFO - Macro activated. Click and drag to capture a screenshot.
2024-09-17 22:37:56,672 - INFO - Screenshot saved to C:\Users\user\OneDrive\Documents\Python\Flask Apps\image-to-text\assets\screenshot.png
2024-09-17 22:37:56,672 - ERROR - Error capturing screenshot: 'WindowsPath' object has no attribute 'split'
2024-09-17 22:43:30,115 - INFO - Listening for macro. Press 'Ctrl + Shift + Alt + S' to take a screenshot.
2024-09-17 22:43:41,507 - INFO - Macro activated. Click and drag to capture a screenshot.
2024-09-17 22:43:50,048 - INFO - Screenshot saved to C:\Users\user\OneDrive\Documents\Python\Flask Apps\image-to-text\assets\screenshot.png
2024-09-17 22:43:50,048 - INFO - Text saved to clipboard
2024-09-17 22:43:51,233 - INFO - Text copied to clipboard.
2024-09-17 22:43:51,233 - INFO - Text saved to clipboard
2024-09-17 23:02:29,732 - INFO - Macro activated. Click and drag to capture a screenshot.
2024-09-17 23:02:34,314 - INFO - Screenshot saved to C:\Users\user\OneDrive\Documents\Python\Flask Apps\image-to-text\assets\screenshot.png
2024-09-17 23:02:34,315 - INFO - Text saved to clipboard
2024-09-17 23:02:35,074 - INFO - Text copied to clipboard.
2024-09-17 23:02:35,074 - INFO - Text saved to clipboard
2024-09-17 23:02:46,367 - INFO - Macro activated. Click and drag to capture a screenshot.
2024-09-17 23:02:49,133 - INFO - Screenshot saved to C:\Users\user\OneDrive\Documents\Python\Flask Apps\image-to-text\assets\screenshot.png
2024-09-17 23:02:49,133 - INFO - Text saved to clipboard
2024-09-17 23:02:49,555 - INFO - Text copied to clipboard.
2024-09-17 23:02:49,555 - INFO - Text saved to clipboard
2024-09-17 23:20:47,386 - INFO - Listening for macro. Press 'Ctrl + Shift + Alt + S' to take a screenshot.
2024-09-18 17:06:56,394 - INFO - Macro activated. Click and drag to capture a screenshot.
2024-09-18 17:07:01,960 - INFO - Screenshot saved to C:\Users\user\OneDrive\Documents\Python\Flask Apps\image-to-text\assets\screenshot.png
2024-09-18 17:07:01,960 - INFO - Text saved to clipboard
2024-09-18 17:07:03,109 - INFO - Text copied to clipboard.
2024-09-18 17:07:03,123 - INFO - Text saved to clipboard
2024-09-18 17:07:36,800 - INFO - Macro activated. Click and drag to capture a screenshot.
2024-09-18 17:07:39,310 - INFO - Screenshot saved to C:\Users\user\OneDrive\Documents\Python\Flask Apps\image-to-text\assets\screenshot.png
2024-09-18 17:07:39,311 - INFO - Text saved to clipboard
2024-09-18 17:07:39,742 - INFO - Text copied to clipboard.
2024-09-18 17:07:39,742 - INFO - Text saved to clipboard
2024-09-18 17:08:05,127 - INFO - Macro activated. Click and drag to capture a screenshot.
2024-09-18 17:08:09,953 - INFO - Screenshot saved to C:\Users\user\OneDrive\Documents\Python\Flask Apps\image-to-text\assets\screenshot.png
2024-09-18 17:08:09,953 - INFO - Text saved to clipboard
2024-09-18 17:08:11,339 - INFO - Text copied to clipboard.
2024-09-18 17:08:11,339 - INFO - Text saved to clipboard
2024-09-19 02:23:24,004 - INFO - Macro activated. Click and drag to capture a screenshot.
2024-09-19 02:23:28,412 - INFO - Screenshot saved to C:\Users\user\OneDrive\Documents\Python\Flask Apps\image-to-text\assets\screenshot.png
2024-09-19 02:23:28,412 - INFO - Text saved to clipboard
2024-09-19 02:23:29,715 - INFO - Text copied to clipboard.
2024-09-19 02:23:29,715 - INFO - Text saved to clipboard
2024-09-19 02:23:37,107 - INFO - Macro activated. Click and drag to capture a screenshot.
2024-09-19 02:23:37,559 - INFO - Macro activated. Click and drag to capture a screenshot.
2024-09-19 02:23:37,784 - INFO - Macro activated. Click and drag to capture a screenshot.
2024-09-19 02:23:38,058 - INFO - Macro activated. Click and drag to capture a screenshot.
2024-09-19 02:23:40,561 - INFO - Macro activated. Click and drag to capture a screenshot.
2024-09-19 02:23:46,553 - INFO - Screenshot saved to C:\Users\user\OneDrive\Documents\Python\Flask Apps\image-to-text\assets\screenshot.png
2024-09-19 02:23:46,553 - INFO - Text saved to clipboard
2024-09-19 02:23:47,426 - INFO - Text copied to clipboard.
2024-09-19 02:23:47,426 - INFO - Text saved to clipboard
2024-09-19 02:26:25,886 - INFO - Macro activated. Click and drag to capture a screenshot.
2024-09-19 02:26:29,841 - INFO - Screenshot saved to C:\Users\user\OneDrive\Documents\Python\Flask Apps\image-to-text\assets\screenshot.png
2024-09-19 02:26:29,841 - INFO - Text saved to clipboard
2024-09-19 02:26:30,262 - INFO - Text copied to clipboard.
2024-09-19 02:26:30,262 - INFO - Text saved to clipboard
